<?xml version="1.0" encoding="UTF-8"?>
<!-- Generated by org.testng.reporters.JUnitReportReporter -->
<testsuite hostname="DESKTOP-72G6P7K" failures="0" tests="2" name="apitest" time="3.026" errors="0" timestamp="2023-10-09T00:22:08 MSK" skipped="0">
  <testcase classname="apitest" name="test2" time="0.120"/>
  <system-out/>
  <testcase classname="apitest" name="test1" time="2.906"/>
  <system-out/>
</testsuite> <!-- apitest -->
